Traceback (most recent call last):
  File "/home/bleyerj/.local/lib/python3.12/site-packages/jupyter_cache/executors/utils.py", line 58, in single_nb_execution
    executenb(
  File "/home/bleyerj/.local/lib/python3.12/site-packages/nbclient/client.py", line 1314, in execute
    return NotebookClient(nb=nb, resources=resources, km=km, **kwargs).execute()
           ^^^^^^^^^^^^^^^^^^^^^^^^^^^^^^^^^^^^^^^^^^^^^^^^^^^^^^^^^^^^^^^^^^^^^
  File "/home/bleyerj/.local/lib/python3.12/site-packages/jupyter_core/utils/__init__.py", line 165, in wrapped
    return loop.run_until_complete(inner)
           ^^^^^^^^^^^^^^^^^^^^^^^^^^^^^^
  File "/usr/lib/python3.12/asyncio/base_events.py", line 687, in run_until_complete
    return future.result()
           ^^^^^^^^^^^^^^^
  File "/home/bleyerj/.local/lib/python3.12/site-packages/nbclient/client.py", line 709, in async_execute
    await self.async_execute_cell(
  File "/home/bleyerj/.local/lib/python3.12/site-packages/nbclient/client.py", line 1062, in async_execute_cell
    await self._check_raise_for_error(cell, cell_index, exec_reply)
  File "/home/bleyerj/.local/lib/python3.12/site-packages/nbclient/client.py", line 918, in _check_raise_for_error
    raise CellExecutionError.from_cell_and_msg(cell, exec_reply_content)
nbclient.exceptions.CellExecutionError: An error occurred while executing the following cell:
------------------
fig, ax = plt.subplots()
sig0 = 30
material = PlaneStressHosford(elastic_model, sig0=sig0, a=10)
plot_stress_paths(material, ax)
plt.xlabel(r"Stress $\sigma_{xx}$")
plt.ylabel(r"Stress $\sigma_{yy}$")
plt.xlim(-1.2 * sig0, 1.2 * sig0)
plt.ylim(-1.2 * sig0, 1.2 * sig0)
plt.gca().set_aspect("equal")
plt.show()
------------------


[0;31m---------------------------------------------------------------------------[0m
[0;31mNameError[0m                                 Traceback (most recent call last)
Cell [0;32mIn[6], line 3[0m
[1;32m      1[0m fig, ax [38;5;241m=[39m plt[38;5;241m.[39msubplots()
[1;32m      2[0m sig0 [38;5;241m=[39m [38;5;241m30[39m
[0;32m----> 3[0m material [38;5;241m=[39m [43mPlaneStressHosford[49m(elastic_model, sig0[38;5;241m=[39msig0, a[38;5;241m=[39m[38;5;241m10[39m)
[1;32m      4[0m plot_stress_paths(material, ax)
[1;32m      5[0m plt[38;5;241m.[39mxlabel([38;5;124mr[39m[38;5;124m"[39m[38;5;124mStress $[39m[38;5;124m\[39m[38;5;124msigma_[39m[38;5;132;01m{xx}[39;00m[38;5;124m$[39m[38;5;124m"[39m)

[0;31mNameError[0m: name 'PlaneStressHosford' is not defined

